[ 2016-05-04T08:24:14+08:00 ] 192.168.1.105 /Public/Admin/Images/logo.png
INFO: [ app_init ] --START--
INFO: Run Behavior\BuildLiteBehavior [ RunTime:0.000008s ]
INFO: [ app_init ] --END-- [ RunTime:0.000058s ]
NOTIC: [8] Undefined variable: rule /home/pzr/workspace/blog/ThinkPHP/Library/Think/Dispatcher.class.php 第 67 行.
ERR: 无法加载模块:Public

[ 2016-05-04T08:24:14+08:00 ] 192.168.1.105 /favicon.ico
INFO: [ app_init ] --START--
INFO: Run Behavior\BuildLiteBehavior [ RunTime:0.000014s ]
INFO: [ app_init ] --END-- [ RunTime:0.000091s ]
NOTIC: [8] Undefined variable: rule /home/pzr/workspace/blog/ThinkPHP/Library/Think/Dispatcher.class.php 第 67 行.
ERR: 无法加载模块:Favicon

[ 2016-05-04T08:24:32+08:00 ] 192.168.1.105 /Public/Admin/Images/logo.png
INFO: [ app_init ] --START--
INFO: Run Behavior\BuildLiteBehavior [ RunTime:0.000012s ]
INFO: [ app_init ] --END-- [ RunTime:0.000075s ]
NOTIC: [8] Undefined variable: rule /home/pzr/workspace/blog/ThinkPHP/Library/Think/Dispatcher.class.php 第 67 行.
ERR: 无法加载模块:Public

[ 2016-05-04T08:25:52+08:00 ] 192.168.1.105 /Public/Admin/Images/logo.png
INFO: [ app_init ] --START--
INFO: Run Behavior\BuildLiteBehavior [ RunTime:0.000013s ]
INFO: [ app_init ] --END-- [ RunTime:0.000079s ]
NOTIC: [8] Undefined variable: rule /home/pzr/workspace/blog/ThinkPHP/Library/Think/Dispatcher.class.php 第 67 行.
ERR: 无法加载模块:Public

[ 2016-05-04T08:26:59+08:00 ] 192.168.1.105 /Public/Admin/Images/logo.png
INFO: [ app_init ] --START--
INFO: Run Behavior\BuildLiteBehavior [ RunTime:0.000009s ]
INFO: [ app_init ] --END-- [ RunTime:0.000060s ]
NOTIC: [8] Undefined variable: rule /home/pzr/workspace/blog/ThinkPHP/Library/Think/Dispatcher.class.php 第 67 行.
ERR: 无法加载模块:Public

[ 2016-05-04T08:26:59+08:00 ] 192.168.1.105 /Public/Admin/Images/logo.png
INFO: [ app_init ] --START--
INFO: Run Behavior\BuildLiteBehavior [ RunTime:0.000025s ]
INFO: [ app_init ] --END-- [ RunTime:0.000157s ]
NOTIC: [8] Undefined variable: rule /home/pzr/workspace/blog/ThinkPHP/Library/Think/Dispatcher.class.php 第 67 行.
ERR: 无法加载模块:Public

[ 2016-05-04T08:27:00+08:00 ] 192.168.1.105 /favicon.ico
INFO: [ app_init ] --START--
INFO: Run Behavior\BuildLiteBehavior [ RunTime:0.000015s ]
INFO: [ app_init ] --END-- [ RunTime:0.000101s ]
NOTIC: [8] Undefined variable: rule /home/pzr/workspace/blog/ThinkPHP/Library/Think/Dispatcher.class.php 第 67 行.
ERR: 无法加载模块:Favicon

[ 2016-05-04T08:27:03+08:00 ] 192.168.1.105 /Public/Admin/Images/logo.png
INFO: [ app_init ] --START--
INFO: Run Behavior\BuildLiteBehavior [ RunTime:0.000015s ]
INFO: [ app_init ] --END-- [ RunTime:0.000100s ]
NOTIC: [8] Undefined variable: rule /home/pzr/workspace/blog/ThinkPHP/Library/Think/Dispatcher.class.php 第 67 行.
ERR: 无法加载模块:Public

[ 2016-05-04T18:52:09+08:00 ] 192.168.1.105 /Public/Admin/Images/logo.png
INFO: [ app_init ] --START--
INFO: Run Behavior\BuildLiteBehavior [ RunTime:0.000016s ]
INFO: [ app_init ] --END-- [ RunTime:0.000095s ]
NOTIC: [8] Undefined variable: rule /home/pzr/workspace/blog/ThinkPHP/Library/Think/Dispatcher.class.php 第 67 行.
ERR: 无法加载模块:Public

[ 2016-05-04T18:52:09+08:00 ] 192.168.1.105 /favicon.ico
INFO: [ app_init ] --START--
INFO: Run Behavior\BuildLiteBehavior [ RunTime:0.000011s ]
INFO: [ app_init ] --END-- [ RunTime:0.000067s ]
NOTIC: [8] Undefined variable: rule /home/pzr/workspace/blog/ThinkPHP/Library/Think/Dispatcher.class.php 第 67 行.
ERR: 无法加载模块:Favicon

[ 2016-05-04T18:52:37+08:00 ] 192.168.1.105 /Public/Home/Images/logo.png
INFO: [ app_init ] --START--
INFO: Run Behavior\BuildLiteBehavior [ RunTime:0.000012s ]
INFO: [ app_init ] --END-- [ RunTime:0.000093s ]
NOTIC: [8] Undefined variable: rule /home/pzr/workspace/blog/ThinkPHP/Library/Think/Dispatcher.class.php 第 67 行.
ERR: 无法加载模块:Public

[ 2016-05-04T19:01:20+08:00 ] 192.168.1.105 /Public/Home/Images/logo.png
INFO: [ app_init ] --START--
INFO: Run Behavior\BuildLiteBehavior [ RunTime:0.000014s ]
INFO: [ app_init ] --END-- [ RunTime:0.000099s ]
NOTIC: [8] Undefined variable: rule /home/pzr/workspace/blog/ThinkPHP/Library/Think/Dispatcher.class.php 第 67 行.
ERR: 无法加载模块:Public

[ 2016-05-04T19:01:39+08:00 ] 192.168.1.105 /Public/Home/Images/logo.png
INFO: [ app_init ] --START--
INFO: Run Behavior\BuildLiteBehavior [ RunTime:0.000014s ]
INFO: [ app_init ] --END-- [ RunTime:0.000090s ]
NOTIC: [8] Undefined variable: rule /home/pzr/workspace/blog/ThinkPHP/Library/Think/Dispatcher.class.php 第 67 行.
ERR: 无法加载模块:Public

[ 2016-05-04T19:01:40+08:00 ] 192.168.1.105 /Public/Home/Images/logo.png
INFO: [ app_init ] --START--
INFO: Run Behavior\BuildLiteBehavior [ RunTime:0.000014s ]
INFO: [ app_init ] --END-- [ RunTime:0.000088s ]
NOTIC: [8] Undefined variable: rule /home/pzr/workspace/blog/ThinkPHP/Library/Think/Dispatcher.class.php 第 67 行.
ERR: 无法加载模块:Public

[ 2016-05-04T19:02:14+08:00 ] 192.168.1.105 /Public/Home/Images/logo.png
INFO: [ app_init ] --START--
INFO: Run Behavior\BuildLiteBehavior [ RunTime:0.000010s ]
INFO: [ app_init ] --END-- [ RunTime:0.000060s ]
NOTIC: [8] Undefined variable: rule /home/pzr/workspace/blog/ThinkPHP/Library/Think/Dispatcher.class.php 第 67 行.
ERR: 无法加载模块:Public

[ 2016-05-04T19:02:30+08:00 ] 192.168.1.105 /Public/Home/Images/logo.png
INFO: [ app_init ] --START--
INFO: Run Behavior\BuildLiteBehavior [ RunTime:0.000013s ]
INFO: [ app_init ] --END-- [ RunTime:0.000087s ]
NOTIC: [8] Undefined variable: rule /home/pzr/workspace/blog/ThinkPHP/Library/Think/Dispatcher.class.php 第 67 行.
ERR: 无法加载模块:Public

[ 2016-05-04T19:02:42+08:00 ] 192.168.1.105 /Public/Home/Images/logo.png
INFO: [ app_init ] --START--
INFO: Run Behavior\BuildLiteBehavior [ RunTime:0.000026s ]
INFO: [ app_init ] --END-- [ RunTime:0.000141s ]
NOTIC: [8] Undefined variable: rule /home/pzr/workspace/blog/ThinkPHP/Library/Think/Dispatcher.class.php 第 67 行.
ERR: 无法加载模块:Public

[ 2016-05-04T19:05:15+08:00 ] 192.168.1.105 /Public/Home/Images/logo.png
INFO: [ app_init ] --START--
INFO: Run Behavior\BuildLiteBehavior [ RunTime:0.000015s ]
INFO: [ app_init ] --END-- [ RunTime:0.000098s ]
NOTIC: [8] Undefined variable: rule /home/pzr/workspace/blog/ThinkPHP/Library/Think/Dispatcher.class.php 第 67 行.
ERR: 无法加载模块:Public

[ 2016-05-04T19:08:57+08:00 ] 192.168.1.105 /Public/Home/Images/logo.png
INFO: [ app_init ] --START--
INFO: Run Behavior\BuildLiteBehavior [ RunTime:0.000015s ]
INFO: [ app_init ] --END-- [ RunTime:0.000102s ]
NOTIC: [8] Undefined variable: rule /home/pzr/workspace/blog/ThinkPHP/Library/Think/Dispatcher.class.php 第 67 行.
ERR: 无法加载模块:Public

[ 2016-05-04T19:09:52+08:00 ] 192.168.1.105 /Public/Home/Images/logo.png
INFO: [ app_init ] --START--
INFO: Run Behavior\BuildLiteBehavior [ RunTime:0.000009s ]
INFO: [ app_init ] --END-- [ RunTime:0.000064s ]
NOTIC: [8] Undefined variable: rule /home/pzr/workspace/blog/ThinkPHP/Library/Think/Dispatcher.class.php 第 67 行.
ERR: 无法加载模块:Public

[ 2016-05-04T19:10:25+08:00 ] 192.168.1.105 /Public/Home/Images/logo.png
INFO: [ app_init ] --START--
INFO: Run Behavior\BuildLiteBehavior [ RunTime:0.000012s ]
INFO: [ app_init ] --END-- [ RunTime:0.000072s ]
NOTIC: [8] Undefined variable: rule /home/pzr/workspace/blog/ThinkPHP/Library/Think/Dispatcher.class.php 第 67 行.
ERR: 无法加载模块:Public

[ 2016-05-04T21:12:20+08:00 ] 192.168.1.105 /favicon.ico
INFO: [ app_init ] --START--
INFO: Run Behavior\BuildLiteBehavior [ RunTime:0.000017s ]
INFO: [ app_init ] --END-- [ RunTime:0.013987s ]
NOTIC: [8] Undefined variable: rule /home/pzr/workspace/blog/ThinkPHP/Library/Think/Dispatcher.class.php 第 67 行.
ERR: 无法加载模块:Favicon

[ 2016-05-04T21:12:20+08:00 ] 192.168.1.105 /favicon.ico
INFO: [ app_init ] --START--
INFO: Run Behavior\BuildLiteBehavior [ RunTime:0.000012s ]
INFO: [ app_init ] --END-- [ RunTime:0.000093s ]
NOTIC: [8] Undefined variable: rule /home/pzr/workspace/blog/ThinkPHP/Library/Think/Dispatcher.class.php 第 67 行.
ERR: 无法加载模块:Favicon

[ 2016-05-04T21:12:25+08:00 ] 192.168.1.105 /Public/Admin/Images/logo.png
INFO: [ app_init ] --START--
INFO: Run Behavior\BuildLiteBehavior [ RunTime:0.000012s ]
INFO: [ app_init ] --END-- [ RunTime:0.000078s ]
NOTIC: [8] Undefined variable: rule /home/pzr/workspace/blog/ThinkPHP/Library/Think/Dispatcher.class.php 第 67 行.
ERR: 无法加载模块:Public

[ 2016-05-04T21:12:35+08:00 ] 192.168.1.105 /Public/Home/Images/logo.png
INFO: [ app_init ] --START--
INFO: Run Behavior\BuildLiteBehavior [ RunTime:0.000017s ]
INFO: [ app_init ] --END-- [ RunTime:0.000102s ]
NOTIC: [8] Undefined variable: rule /home/pzr/workspace/blog/ThinkPHP/Library/Think/Dispatcher.class.php 第 67 行.
ERR: 无法加载模块:Public

[ 2016-05-04T21:22:19+08:00 ] 192.168.1.105 /Public/Home/Images/logo.png
INFO: [ app_init ] --START--
INFO: Run Behavior\BuildLiteBehavior [ RunTime:0.000014s ]
INFO: [ app_init ] --END-- [ RunTime:0.000097s ]
NOTIC: [8] Undefined variable: rule /home/pzr/workspace/blog/ThinkPHP/Library/Think/Dispatcher.class.php 第 67 行.
ERR: 无法加载模块:Public

[ 2016-05-04T21:22:40+08:00 ] 192.168.1.105 /favicon.ico
INFO: [ app_init ] --START--
INFO: Run Behavior\BuildLiteBehavior [ RunTime:0.000008s ]
INFO: [ app_init ] --END-- [ RunTime:0.000059s ]
NOTIC: [8] Undefined variable: rule /home/pzr/workspace/blog/ThinkPHP/Library/Think/Dispatcher.class.php 第 67 行.
ERR: 无法加载模块:Favicon

[ 2016-05-04T21:24:45+08:00 ] 192.168.1.105 /Public/Home/Images/logo.png
INFO: [ app_init ] --START--
INFO: Run Behavior\BuildLiteBehavior [ RunTime:0.000012s ]
INFO: [ app_init ] --END-- [ RunTime:0.000087s ]
NOTIC: [8] Undefined variable: rule /home/pzr/workspace/blog/ThinkPHP/Library/Think/Dispatcher.class.php 第 67 行.
ERR: 无法加载模块:Public

[ 2016-05-04T21:37:20+08:00 ] 192.168.1.105 /Public/Admin/Images/logo.png
INFO: [ app_init ] --START--
INFO: Run Behavior\BuildLiteBehavior [ RunTime:0.000020s ]
INFO: [ app_init ] --END-- [ RunTime:0.000114s ]
NOTIC: [8] Undefined variable: rule /home/pzr/workspace/blog/ThinkPHP/Library/Think/Dispatcher.class.php 第 67 行.
ERR: 无法加载模块:Public

[ 2016-05-04T21:37:22+08:00 ] 192.168.1.105 /Public/Admin/Images/logo.png
INFO: [ app_init ] --START--
INFO: Run Behavior\BuildLiteBehavior [ RunTime:0.000012s ]
INFO: [ app_init ] --END-- [ RunTime:0.000081s ]
NOTIC: [8] Undefined variable: rule /home/pzr/workspace/blog/ThinkPHP/Library/Think/Dispatcher.class.php 第 67 行.
ERR: 无法加载模块:Public

[ 2016-05-04T21:37:25+08:00 ] 192.168.1.105 /Public/Admin/Images/logo.png
INFO: [ app_init ] --START--
INFO: Run Behavior\BuildLiteBehavior [ RunTime:0.000014s ]
INFO: [ app_init ] --END-- [ RunTime:0.000089s ]
NOTIC: [8] Undefined variable: rule /home/pzr/workspace/blog/ThinkPHP/Library/Think/Dispatcher.class.php 第 67 行.
ERR: 无法加载模块:Public

[ 2016-05-04T21:37:33+08:00 ] 192.168.1.105 /Public/Admin/Images/logo.png
INFO: [ app_init ] --START--
INFO: Run Behavior\BuildLiteBehavior [ RunTime:0.000017s ]
INFO: [ app_init ] --END-- [ RunTime:0.000102s ]
NOTIC: [8] Undefined variable: rule /home/pzr/workspace/blog/ThinkPHP/Library/Think/Dispatcher.class.php 第 67 行.
ERR: 无法加载模块:Public

[ 2016-05-04T21:38:04+08:00 ] 192.168.1.105 /Public/Admin/Images/logo.png
INFO: [ app_init ] --START--
INFO: Run Behavior\BuildLiteBehavior [ RunTime:0.000010s ]
INFO: [ app_init ] --END-- [ RunTime:0.000066s ]
NOTIC: [8] Undefined variable: rule /home/pzr/workspace/blog/ThinkPHP/Library/Think/Dispatcher.class.php 第 67 行.
ERR: 无法加载模块:Public

[ 2016-05-04T21:38:05+08:00 ] 192.168.1.105 /Public/Admin/Images/logo.png
INFO: [ app_init ] --START--
INFO: Run Behavior\BuildLiteBehavior [ RunTime:0.000018s ]
INFO: [ app_init ] --END-- [ RunTime:0.000122s ]
NOTIC: [8] Undefined variable: rule /home/pzr/workspace/blog/ThinkPHP/Library/Think/Dispatcher.class.php 第 67 行.
ERR: 无法加载模块:Public

[ 2016-05-04T21:38:06+08:00 ] 192.168.1.105 /Public/Admin/Images/logo.png
INFO: [ app_init ] --START--
INFO: Run Behavior\BuildLiteBehavior [ RunTime:0.000007s ]
INFO: [ app_init ] --END-- [ RunTime:0.000049s ]
NOTIC: [8] Undefined variable: rule /home/pzr/workspace/blog/ThinkPHP/Library/Think/Dispatcher.class.php 第 67 行.
ERR: 无法加载模块:Public

[ 2016-05-04T21:39:25+08:00 ] 192.168.1.105 /Public/Admin/Images/logo.png
INFO: [ app_init ] --START--
INFO: Run Behavior\BuildLiteBehavior [ RunTime:0.000012s ]
INFO: [ app_init ] --END-- [ RunTime:0.000070s ]
NOTIC: [8] Undefined variable: rule /home/pzr/workspace/blog/ThinkPHP/Library/Think/Dispatcher.class.php 第 67 行.
ERR: 无法加载模块:Public

[ 2016-05-04T21:42:35+08:00 ] 192.168.1.105 /Public/Home/Images/logo.png
INFO: [ app_init ] --START--
INFO: Run Behavior\BuildLiteBehavior [ RunTime:0.000012s ]
INFO: [ app_init ] --END-- [ RunTime:0.000082s ]
NOTIC: [8] Undefined variable: rule /home/pzr/workspace/blog/ThinkPHP/Library/Think/Dispatcher.class.php 第 67 行.
ERR: 无法加载模块:Public

[ 2016-05-04T21:42:41+08:00 ] 192.168.1.105 /Public/Admin/Images/logo.png
INFO: [ app_init ] --START--
INFO: Run Behavior\BuildLiteBehavior [ RunTime:0.000014s ]
INFO: [ app_init ] --END-- [ RunTime:0.000085s ]
NOTIC: [8] Undefined variable: rule /home/pzr/workspace/blog/ThinkPHP/Library/Think/Dispatcher.class.php 第 67 行.
ERR: 无法加载模块:Public

[ 2016-05-04T21:42:43+08:00 ] 192.168.1.105 /Public/Admin/Images/logo.png
INFO: [ app_init ] --START--
INFO: Run Behavior\BuildLiteBehavior [ RunTime:0.000124s ]
INFO: [ app_init ] --END-- [ RunTime:0.000213s ]
NOTIC: [8] Undefined variable: rule /home/pzr/workspace/blog/ThinkPHP/Library/Think/Dispatcher.class.php 第 67 行.
ERR: 无法加载模块:Public

[ 2016-05-04T21:43:22+08:00 ] 192.168.1.105 /Public/Admin/Images/logo.png
INFO: [ app_init ] --START--
INFO: Run Behavior\BuildLiteBehavior [ RunTime:0.000013s ]
INFO: [ app_init ] --END-- [ RunTime:0.000090s ]
NOTIC: [8] Undefined variable: rule /home/pzr/workspace/blog/ThinkPHP/Library/Think/Dispatcher.class.php 第 67 行.
ERR: 无法加载模块:Public

[ 2016-05-04T21:44:59+08:00 ] 192.168.1.105 /Public/Admin/Images/logo.png
INFO: [ app_init ] --START--
INFO: Run Behavior\BuildLiteBehavior [ RunTime:0.000015s ]
INFO: [ app_init ] --END-- [ RunTime:0.000090s ]
NOTIC: [8] Undefined variable: rule /home/pzr/workspace/blog/ThinkPHP/Library/Think/Dispatcher.class.php 第 67 行.
ERR: 无法加载模块:Public

[ 2016-05-04T21:46:05+08:00 ] 192.168.1.105 /Public/Admin/Images/logo.png
INFO: [ app_init ] --START--
INFO: Run Behavior\BuildLiteBehavior [ RunTime:0.000011s ]
INFO: [ app_init ] --END-- [ RunTime:0.000070s ]
NOTIC: [8] Undefined variable: rule /home/pzr/workspace/blog/ThinkPHP/Library/Think/Dispatcher.class.php 第 67 行.
ERR: 无法加载模块:Public

[ 2016-05-04T21:46:07+08:00 ] 192.168.1.105 /Public/Admin/Images/logo.png
INFO: [ app_init ] --START--
INFO: Run Behavior\BuildLiteBehavior [ RunTime:0.000014s ]
INFO: [ app_init ] --END-- [ RunTime:0.000096s ]
NOTIC: [8] Undefined variable: rule /home/pzr/workspace/blog/ThinkPHP/Library/Think/Dispatcher.class.php 第 67 行.
ERR: 无法加载模块:Public

[ 2016-05-04T21:47:11+08:00 ] 192.168.1.105 /Public/Admin/Images/logo.png
INFO: [ app_init ] --START--
INFO: Run Behavior\BuildLiteBehavior [ RunTime:0.000013s ]
INFO: [ app_init ] --END-- [ RunTime:0.000085s ]
NOTIC: [8] Undefined variable: rule /home/pzr/workspace/blog/ThinkPHP/Library/Think/Dispatcher.class.php 第 67 行.
ERR: 无法加载模块:Public

[ 2016-05-04T21:47:22+08:00 ] 192.168.1.105 /Public/Admin/Images/logo.png
INFO: [ app_init ] --START--
INFO: Run Behavior\BuildLiteBehavior [ RunTime:0.000008s ]
INFO: [ app_init ] --END-- [ RunTime:0.000061s ]
NOTIC: [8] Undefined variable: rule /home/pzr/workspace/blog/ThinkPHP/Library/Think/Dispatcher.class.php 第 67 行.
ERR: 无法加载模块:Public

[ 2016-05-04T21:48:20+08:00 ] 192.168.1.105 /Public/Admin/Images/logo.png
INFO: [ app_init ] --START--
INFO: Run Behavior\BuildLiteBehavior [ RunTime:0.000015s ]
INFO: [ app_init ] --END-- [ RunTime:0.000090s ]
NOTIC: [8] Undefined variable: rule /home/pzr/workspace/blog/ThinkPHP/Library/Think/Dispatcher.class.php 第 67 行.
ERR: 无法加载模块:Public

[ 2016-05-04T21:51:08+08:00 ] 192.168.1.105 /Public/Admin/Images/logo.png
INFO: [ app_init ] --START--
INFO: Run Behavior\BuildLiteBehavior [ RunTime:0.000012s ]
INFO: [ app_init ] --END-- [ RunTime:0.000075s ]
NOTIC: [8] Undefined variable: rule /home/pzr/workspace/blog/ThinkPHP/Library/Think/Dispatcher.class.php 第 67 行.
ERR: 无法加载模块:Public

[ 2016-05-04T22:01:31+08:00 ] 192.168.1.105 /Public/Admin/Images/logo.png
INFO: [ app_init ] --START--
INFO: Run Behavior\BuildLiteBehavior [ RunTime:0.000012s ]
INFO: [ app_init ] --END-- [ RunTime:0.000073s ]
NOTIC: [8] Undefined variable: rule /home/pzr/workspace/blog/ThinkPHP/Library/Think/Dispatcher.class.php 第 67 行.
ERR: 无法加载模块:Public

[ 2016-05-04T22:02:03+08:00 ] 192.168.1.105 /Public/Admin/Images/logo.png
INFO: [ app_init ] --START--
INFO: Run Behavior\BuildLiteBehavior [ RunTime:0.000015s ]
INFO: [ app_init ] --END-- [ RunTime:0.000100s ]
NOTIC: [8] Undefined variable: rule /home/pzr/workspace/blog/ThinkPHP/Library/Think/Dispatcher.class.php 第 67 行.
ERR: 无法加载模块:Public

[ 2016-05-04T22:02:03+08:00 ] 192.168.1.105 /Public/Admin/Images/logo.png
INFO: [ app_init ] --START--
INFO: Run Behavior\BuildLiteBehavior [ RunTime:0.000013s ]
INFO: [ app_init ] --END-- [ RunTime:0.000076s ]
NOTIC: [8] Undefined variable: rule /home/pzr/workspace/blog/ThinkPHP/Library/Think/Dispatcher.class.php 第 67 行.
ERR: 无法加载模块:Public

[ 2016-05-04T22:08:39+08:00 ] 192.168.1.105 /Public/Admin/Images/logo.png
INFO: [ app_init ] --START--
INFO: Run Behavior\BuildLiteBehavior [ RunTime:0.000017s ]
INFO: [ app_init ] --END-- [ RunTime:0.000093s ]
NOTIC: [8] Undefined variable: rule /home/pzr/workspace/blog/ThinkPHP/Library/Think/Dispatcher.class.php 第 67 行.
ERR: 无法加载模块:Public

[ 2016-05-04T22:09:03+08:00 ] 192.168.1.105 /Public/Admin/Images/logo.png
INFO: [ app_init ] --START--
INFO: Run Behavior\BuildLiteBehavior [ RunTime:0.000014s ]
INFO: [ app_init ] --END-- [ RunTime:0.000082s ]
NOTIC: [8] Undefined variable: rule /home/pzr/workspace/blog/ThinkPHP/Library/Think/Dispatcher.class.php 第 67 行.
ERR: 无法加载模块:Public

[ 2016-05-04T22:09:38+08:00 ] 192.168.1.105 /Public/Admin/Images/logo.png
INFO: [ app_init ] --START--
INFO: Run Behavior\BuildLiteBehavior [ RunTime:0.000009s ]
INFO: [ app_init ] --END-- [ RunTime:0.000062s ]
NOTIC: [8] Undefined variable: rule /home/pzr/workspace/blog/ThinkPHP/Library/Think/Dispatcher.class.php 第 67 行.
ERR: 无法加载模块:Public

[ 2016-05-04T22:10:20+08:00 ] 192.168.1.105 /Public/Admin/Images/logo.png
INFO: [ app_init ] --START--
INFO: Run Behavior\BuildLiteBehavior [ RunTime:0.000018s ]
INFO: [ app_init ] --END-- [ RunTime:0.000117s ]
NOTIC: [8] Undefined variable: rule /home/pzr/workspace/blog/ThinkPHP/Library/Think/Dispatcher.class.php 第 67 行.
ERR: 无法加载模块:Public

[ 2016-05-04T22:10:21+08:00 ] 192.168.1.105 /Public/Admin/Images/logo.png
INFO: [ app_init ] --START--
INFO: Run Behavior\BuildLiteBehavior [ RunTime:0.000012s ]
INFO: [ app_init ] --END-- [ RunTime:0.000075s ]
NOTIC: [8] Undefined variable: rule /home/pzr/workspace/blog/ThinkPHP/Library/Think/Dispatcher.class.php 第 67 行.
ERR: 无法加载模块:Public

[ 2016-05-04T22:11:05+08:00 ] 192.168.1.105 /Public/Admin/Images/logo.png
INFO: [ app_init ] --START--
INFO: Run Behavior\BuildLiteBehavior [ RunTime:0.000014s ]
INFO: [ app_init ] --END-- [ RunTime:0.000083s ]
NOTIC: [8] Undefined variable: rule /home/pzr/workspace/blog/ThinkPHP/Library/Think/Dispatcher.class.php 第 67 行.
ERR: 无法加载模块:Public

[ 2016-05-04T22:12:08+08:00 ] 192.168.1.105 /Public/Admin/Images/logo.png
INFO: [ app_init ] --START--
INFO: Run Behavior\BuildLiteBehavior [ RunTime:0.000014s ]
INFO: [ app_init ] --END-- [ RunTime:0.000075s ]
NOTIC: [8] Undefined variable: rule /home/pzr/workspace/blog/ThinkPHP/Library/Think/Dispatcher.class.php 第 67 行.
ERR: 无法加载模块:Public

[ 2016-05-04T22:12:42+08:00 ] 192.168.1.105 /Public/Admin/Images/logo.png
INFO: [ app_init ] --START--
INFO: Run Behavior\BuildLiteBehavior [ RunTime:0.000014s ]
INFO: [ app_init ] --END-- [ RunTime:0.000085s ]
NOTIC: [8] Undefined variable: rule /home/pzr/workspace/blog/ThinkPHP/Library/Think/Dispatcher.class.php 第 67 行.
ERR: 无法加载模块:Public

[ 2016-05-04T22:13:17+08:00 ] 192.168.1.105 /Public/Admin/Images/logo.png
INFO: [ app_init ] --START--
INFO: Run Behavior\BuildLiteBehavior [ RunTime:0.000016s ]
INFO: [ app_init ] --END-- [ RunTime:0.000093s ]
NOTIC: [8] Undefined variable: rule /home/pzr/workspace/blog/ThinkPHP/Library/Think/Dispatcher.class.php 第 67 行.
ERR: 无法加载模块:Public

[ 2016-05-04T22:31:36+08:00 ] 192.168.1.105 /Public/Admin/Images/logo.png
INFO: [ app_init ] --START--
INFO: Run Behavior\BuildLiteBehavior [ RunTime:0.000013s ]
INFO: [ app_init ] --END-- [ RunTime:0.000084s ]
NOTIC: [8] Undefined variable: rule /home/pzr/workspace/blog/ThinkPHP/Library/Think/Dispatcher.class.php 第 67 行.
ERR: 无法加载模块:Public

[ 2016-05-04T22:32:14+08:00 ] 192.168.1.105 /Public/Admin/Images/logo.png
INFO: [ app_init ] --START--
INFO: Run Behavior\BuildLiteBehavior [ RunTime:0.000016s ]
INFO: [ app_init ] --END-- [ RunTime:0.000106s ]
NOTIC: [8] Undefined variable: rule /home/pzr/workspace/blog/ThinkPHP/Library/Think/Dispatcher.class.php 第 67 行.
ERR: 无法加载模块:Public

[ 2016-05-04T22:34:45+08:00 ] 192.168.1.105 /Public/Admin/Images/logo.png
INFO: [ app_init ] --START--
INFO: Run Behavior\BuildLiteBehavior [ RunTime:0.000013s ]
INFO: [ app_init ] --END-- [ RunTime:0.000082s ]
NOTIC: [8] Undefined variable: rule /home/pzr/workspace/blog/ThinkPHP/Library/Think/Dispatcher.class.php 第 67 行.
ERR: 无法加载模块:Public

[ 2016-05-04T22:34:46+08:00 ] 192.168.1.105 /Public/Admin/Images/logo.png
INFO: [ app_init ] --START--
INFO: Run Behavior\BuildLiteBehavior [ RunTime:0.000013s ]
INFO: [ app_init ] --END-- [ RunTime:0.000086s ]
NOTIC: [8] Undefined variable: rule /home/pzr/workspace/blog/ThinkPHP/Library/Think/Dispatcher.class.php 第 67 行.
ERR: 无法加载模块:Public

[ 2016-05-04T22:37:49+08:00 ] 192.168.1.105 /Public/Admin/Images/logo.png
INFO: [ app_init ] --START--
INFO: Run Behavior\BuildLiteBehavior [ RunTime:0.000011s ]
INFO: [ app_init ] --END-- [ RunTime:0.000058s ]
NOTIC: [8] Undefined variable: rule /home/pzr/workspace/blog/ThinkPHP/Library/Think/Dispatcher.class.php 第 67 行.
ERR: 无法加载模块:Public

[ 2016-05-04T22:37:50+08:00 ] 192.168.1.105 /Public/Common/Common/iconFont/iconfont.woff
INFO: [ app_init ] --START--
INFO: Run Behavior\BuildLiteBehavior [ RunTime:0.000012s ]
INFO: [ app_init ] --END-- [ RunTime:0.000086s ]
NOTIC: [8] Undefined variable: rule /home/pzr/workspace/blog/ThinkPHP/Library/Think/Dispatcher.class.php 第 67 行.
ERR: 无法加载模块:Public

[ 2016-05-04T22:37:50+08:00 ] 192.168.1.105 /Public/Common/Common/iconFont/iconfont.ttf
INFO: [ app_init ] --START--
INFO: Run Behavior\BuildLiteBehavior [ RunTime:0.000013s ]
INFO: [ app_init ] --END-- [ RunTime:0.000091s ]
NOTIC: [8] Undefined variable: rule /home/pzr/workspace/blog/ThinkPHP/Library/Think/Dispatcher.class.php 第 67 行.
ERR: 无法加载模块:Public

[ 2016-05-04T22:37:56+08:00 ] 192.168.1.105 /Public/Admin/Images/logo.png
INFO: [ app_init ] --START--
INFO: Run Behavior\BuildLiteBehavior [ RunTime:0.000013s ]
INFO: [ app_init ] --END-- [ RunTime:0.000081s ]
NOTIC: [8] Undefined variable: rule /home/pzr/workspace/blog/ThinkPHP/Library/Think/Dispatcher.class.php 第 67 行.
ERR: 无法加载模块:Public

[ 2016-05-04T22:37:57+08:00 ] 192.168.1.105 /Public/Common/Common/iconFont/iconfont.woff
INFO: [ app_init ] --START--
INFO: Run Behavior\BuildLiteBehavior [ RunTime:0.000019s ]
INFO: [ app_init ] --END-- [ RunTime:0.000117s ]
NOTIC: [8] Undefined variable: rule /home/pzr/workspace/blog/ThinkPHP/Library/Think/Dispatcher.class.php 第 67 行.
ERR: 无法加载模块:Public

[ 2016-05-04T22:37:57+08:00 ] 192.168.1.105 /Public/Common/Common/iconFont/iconfont.ttf
INFO: [ app_init ] --START--
INFO: Run Behavior\BuildLiteBehavior [ RunTime:0.000015s ]
INFO: [ app_init ] --END-- [ RunTime:0.000094s ]
NOTIC: [8] Undefined variable: rule /home/pzr/workspace/blog/ThinkPHP/Library/Think/Dispatcher.class.php 第 67 行.
ERR: 无法加载模块:Public

[ 2016-05-04T22:39:03+08:00 ] 192.168.1.105 /Public/Admin/Images/logo.png
INFO: [ app_init ] --START--
INFO: Run Behavior\BuildLiteBehavior [ RunTime:0.000014s ]
INFO: [ app_init ] --END-- [ RunTime:0.000093s ]
NOTIC: [8] Undefined variable: rule /home/pzr/workspace/blog/ThinkPHP/Library/Think/Dispatcher.class.php 第 67 行.
ERR: 无法加载模块:Public

[ 2016-05-04T22:39:03+08:00 ] 192.168.1.105 /Public/Common/Common/iconFont/iconfont.woff
INFO: [ app_init ] --START--
INFO: Run Behavior\BuildLiteBehavior [ RunTime:0.000015s ]
INFO: [ app_init ] --END-- [ RunTime:0.000099s ]
NOTIC: [8] Undefined variable: rule /home/pzr/workspace/blog/ThinkPHP/Library/Think/Dispatcher.class.php 第 67 行.
ERR: 无法加载模块:Public

[ 2016-05-04T22:39:03+08:00 ] 192.168.1.105 /Public/Common/Common/iconFont/iconfont.ttf
INFO: [ app_init ] --START--
INFO: Run Behavior\BuildLiteBehavior [ RunTime:0.000022s ]
INFO: [ app_init ] --END-- [ RunTime:0.000148s ]
NOTIC: [8] Undefined variable: rule /home/pzr/workspace/blog/ThinkPHP/Library/Think/Dispatcher.class.php 第 67 行.
ERR: 无法加载模块:Public

[ 2016-05-04T22:39:04+08:00 ] 192.168.1.105 /Public/Admin/Images/logo.png
INFO: [ app_init ] --START--
INFO: Run Behavior\BuildLiteBehavior [ RunTime:0.000013s ]
INFO: [ app_init ] --END-- [ RunTime:0.000079s ]
NOTIC: [8] Undefined variable: rule /home/pzr/workspace/blog/ThinkPHP/Library/Think/Dispatcher.class.php 第 67 行.
ERR: 无法加载模块:Public

[ 2016-05-04T22:39:04+08:00 ] 192.168.1.105 /Public/Common/Common/iconFont/iconfont.woff
INFO: [ app_init ] --START--
INFO: Run Behavior\BuildLiteBehavior [ RunTime:0.000028s ]
INFO: [ app_init ] --END-- [ RunTime:0.000169s ]
NOTIC: [8] Undefined variable: rule /home/pzr/workspace/blog/ThinkPHP/Library/Think/Dispatcher.class.php 第 67 行.
ERR: 无法加载模块:Public

[ 2016-05-04T22:39:04+08:00 ] 192.168.1.105 /Public/Common/Common/iconFont/iconfont.ttf
INFO: [ app_init ] --START--
INFO: Run Behavior\BuildLiteBehavior [ RunTime:0.000019s ]
INFO: [ app_init ] --END-- [ RunTime:0.000112s ]
NOTIC: [8] Undefined variable: rule /home/pzr/workspace/blog/ThinkPHP/Library/Think/Dispatcher.class.php 第 67 行.
ERR: 无法加载模块:Public

[ 2016-05-04T22:39:04+08:00 ] 192.168.1.105 /Public/Admin/Images/logo.png
INFO: [ app_init ] --START--
INFO: Run Behavior\BuildLiteBehavior [ RunTime:0.000018s ]
INFO: [ app_init ] --END-- [ RunTime:0.000108s ]
NOTIC: [8] Undefined variable: rule /home/pzr/workspace/blog/ThinkPHP/Library/Think/Dispatcher.class.php 第 67 行.
ERR: 无法加载模块:Public

[ 2016-05-04T22:39:04+08:00 ] 192.168.1.105 /Public/Common/Common/iconFont/iconfont.woff
INFO: [ app_init ] --START--
INFO: Run Behavior\BuildLiteBehavior [ RunTime:0.000015s ]
INFO: [ app_init ] --END-- [ RunTime:0.000094s ]
NOTIC: [8] Undefined variable: rule /home/pzr/workspace/blog/ThinkPHP/Library/Think/Dispatcher.class.php 第 67 行.
ERR: 无法加载模块:Public

[ 2016-05-04T22:39:04+08:00 ] 192.168.1.105 /Public/Common/Common/iconFont/iconfont.ttf
INFO: [ app_init ] --START--
INFO: Run Behavior\BuildLiteBehavior [ RunTime:0.000014s ]
INFO: [ app_init ] --END-- [ RunTime:0.000090s ]
NOTIC: [8] Undefined variable: rule /home/pzr/workspace/blog/ThinkPHP/Library/Think/Dispatcher.class.php 第 67 行.
ERR: 无法加载模块:Public

[ 2016-05-04T22:39:05+08:00 ] 192.168.1.105 /Public/Admin/Images/logo.png
INFO: [ app_init ] --START--
INFO: Run Behavior\BuildLiteBehavior [ RunTime:0.000016s ]
INFO: [ app_init ] --END-- [ RunTime:0.000119s ]
NOTIC: [8] Undefined variable: rule /home/pzr/workspace/blog/ThinkPHP/Library/Think/Dispatcher.class.php 第 67 行.
ERR: 无法加载模块:Public

[ 2016-05-04T22:39:05+08:00 ] 192.168.1.105 /Public/Common/Common/iconFont/iconfont.woff
INFO: [ app_init ] --START--
INFO: Run Behavior\BuildLiteBehavior [ RunTime:0.000036s ]
INFO: [ app_init ] --END-- [ RunTime:0.000196s ]
NOTIC: [8] Undefined variable: rule /home/pzr/workspace/blog/ThinkPHP/Library/Think/Dispatcher.class.php 第 67 行.
ERR: 无法加载模块:Public

[ 2016-05-04T22:39:05+08:00 ] 192.168.1.105 /Public/Common/Common/iconFont/iconfont.ttf
INFO: [ app_init ] --START--
INFO: Run Behavior\BuildLiteBehavior [ RunTime:0.000015s ]
INFO: [ app_init ] --END-- [ RunTime:0.000101s ]
NOTIC: [8] Undefined variable: rule /home/pzr/workspace/blog/ThinkPHP/Library/Think/Dispatcher.class.php 第 67 行.
ERR: 无法加载模块:Public

[ 2016-05-04T22:40:09+08:00 ] 192.168.1.105 /Public/Admin/Images/logo.png
INFO: [ app_init ] --START--
INFO: Run Behavior\BuildLiteBehavior [ RunTime:0.000017s ]
INFO: [ app_init ] --END-- [ RunTime:0.000103s ]
NOTIC: [8] Undefined variable: rule /home/pzr/workspace/blog/ThinkPHP/Library/Think/Dispatcher.class.php 第 67 行.
ERR: 无法加载模块:Public

[ 2016-05-04T22:42:29+08:00 ] 192.168.1.105 /Public/Admin/Images/logo.png
INFO: [ app_init ] --START--
INFO: Run Behavior\BuildLiteBehavior [ RunTime:0.000012s ]
INFO: [ app_init ] --END-- [ RunTime:0.000081s ]
NOTIC: [8] Undefined variable: rule /home/pzr/workspace/blog/ThinkPHP/Library/Think/Dispatcher.class.php 第 67 行.
ERR: 无法加载模块:Public

