[ 2016-05-07T12:38:00+08:00 ] 118.198.42.179 /admin
INFO: [ app_init ] --START--
INFO: Run Behavior\BuildLiteBehavior [ RunTime:0.000011s ]
INFO: [ app_init ] --END-- [ RunTime:0.000077s ]
NOTIC: [8] Undefined variable: rule /home/pzr/workspace/blog/ThinkPHP/Library/Think/Dispatcher.class.php 第 67 行.

[ 2016-05-07T12:38:02+08:00 ] 118.198.42.179 /index.php/login.html
INFO: [ app_init ] --START--
INFO: Run Behavior\BuildLiteBehavior [ RunTime:0.000018s ]
INFO: [ app_init ] --END-- [ RunTime:0.000125s ]
NOTIC: [8] Undefined variable: rule /home/pzr/workspace/blog/ThinkPHP/Library/Think/Dispatcher.class.php 第 67 行.

[ 2016-05-07T12:38:02+08:00 ] 118.198.42.179 /index.php/Home/Login/verify
INFO: [ app_init ] --START--
INFO: Run Behavior\BuildLiteBehavior [ RunTime:0.000018s ]
INFO: [ app_init ] --END-- [ RunTime:0.000132s ]
NOTIC: [8] Undefined variable: rule /home/pzr/workspace/blog/ThinkPHP/Library/Think/Dispatcher.class.php 第 67 行.

[ 2016-05-07T12:38:05+08:00 ] 118.198.42.179 /index.php/Home/Login/handle
INFO: [ app_init ] --START--
INFO: Run Behavior\BuildLiteBehavior [ RunTime:0.000020s ]
INFO: [ app_init ] --END-- [ RunTime:0.000148s ]
NOTIC: [8] Undefined variable: rule /home/pzr/workspace/blog/ThinkPHP/Library/Think/Dispatcher.class.php 第 67 行.

[ 2016-05-07T12:38:05+08:00 ] 118.198.42.179 /index.php/admin.html
INFO: [ app_init ] --START--
INFO: Run Behavior\BuildLiteBehavior [ RunTime:0.000026s ]
INFO: [ app_init ] --END-- [ RunTime:0.000185s ]
NOTIC: [8] Undefined variable: rule /home/pzr/workspace/blog/ThinkPHP/Library/Think/Dispatcher.class.php 第 67 行.

[ 2016-05-07T12:38:08+08:00 ] 118.198.42.179 /index.php/Home/Blog/index.html
INFO: [ app_init ] --START--
INFO: Run Behavior\BuildLiteBehavior [ RunTime:0.000032s ]
INFO: [ app_init ] --END-- [ RunTime:0.000222s ]
NOTIC: [8] Undefined variable: rule /home/pzr/workspace/blog/ThinkPHP/Library/Think/Dispatcher.class.php 第 67 行.

[ 2016-05-07T12:38:09+08:00 ] 118.198.42.179 /index.php/Home/Blog/index.html?cat_type=0
INFO: [ app_init ] --START--
INFO: Run Behavior\BuildLiteBehavior [ RunTime:0.000031s ]
INFO: [ app_init ] --END-- [ RunTime:0.000251s ]
NOTIC: [8] Undefined variable: rule /home/pzr/workspace/blog/ThinkPHP/Library/Think/Dispatcher.class.php 第 67 行.

[ 2016-05-07T12:38:39+08:00 ] 118.198.42.179 /index.php/admin.html
INFO: [ app_init ] --START--
INFO: Run Behavior\BuildLiteBehavior [ RunTime:0.000043s ]
INFO: [ app_init ] --END-- [ RunTime:0.000316s ]
NOTIC: [8] Undefined variable: rule /home/pzr/workspace/blog/ThinkPHP/Library/Think/Dispatcher.class.php 第 67 行.

[ 2016-05-07T12:38:40+08:00 ] 118.198.42.179 /index.php/Home/Blog/index.html
INFO: [ app_init ] --START--
INFO: Run Behavior\BuildLiteBehavior [ RunTime:0.000021s ]
INFO: [ app_init ] --END-- [ RunTime:0.000152s ]
NOTIC: [8] Undefined variable: rule /home/pzr/workspace/blog/ThinkPHP/Library/Think/Dispatcher.class.php 第 67 行.

[ 2016-05-07T12:38:43+08:00 ] 118.198.42.179 /index.php/Home/Blog/index.html?cat_type=1
INFO: [ app_init ] --START--
INFO: Run Behavior\BuildLiteBehavior [ RunTime:0.000029s ]
INFO: [ app_init ] --END-- [ RunTime:0.000215s ]
NOTIC: [8] Undefined variable: rule /home/pzr/workspace/blog/ThinkPHP/Library/Think/Dispatcher.class.php 第 67 行.

[ 2016-05-07T12:39:24+08:00 ] 118.198.42.179 /index.php/Home/Blog/index.html
INFO: [ app_init ] --START--
INFO: Run Behavior\BuildLiteBehavior [ RunTime:0.000020s ]
INFO: [ app_init ] --END-- [ RunTime:0.000151s ]
NOTIC: [8] Undefined variable: rule /home/pzr/workspace/blog/ThinkPHP/Library/Think/Dispatcher.class.php 第 67 行.

[ 2016-05-07T12:39:28+08:00 ] 118.198.42.179 /index.php/Home/Blog/add.html
INFO: [ app_init ] --START--
INFO: Run Behavior\BuildLiteBehavior [ RunTime:0.000014s ]
INFO: [ app_init ] --END-- [ RunTime:0.000097s ]
NOTIC: [8] Undefined variable: rule /home/pzr/workspace/blog/ThinkPHP/Library/Think/Dispatcher.class.php 第 67 行.

[ 2016-05-07T12:39:43+08:00 ] 118.198.42.179 /index.php/Home/Blog/add.html
INFO: [ app_init ] --START--
INFO: Run Behavior\BuildLiteBehavior [ RunTime:0.000023s ]
INFO: [ app_init ] --END-- [ RunTime:0.000165s ]
NOTIC: [8] Undefined variable: rule /home/pzr/workspace/blog/ThinkPHP/Library/Think/Dispatcher.class.php 第 67 行.

[ 2016-05-07T12:39:43+08:00 ] 118.198.42.179 /index.php/Home/Blog/index.html
INFO: [ app_init ] --START--
INFO: Run Behavior\BuildLiteBehavior [ RunTime:0.000018s ]
INFO: [ app_init ] --END-- [ RunTime:0.000127s ]
NOTIC: [8] Undefined variable: rule /home/pzr/workspace/blog/ThinkPHP/Library/Think/Dispatcher.class.php 第 67 行.

[ 2016-05-07T12:39:50+08:00 ] 118.198.42.179 /index.php/Home/Blog/index.html?cat_type=1
INFO: [ app_init ] --START--
INFO: Run Behavior\BuildLiteBehavior [ RunTime:0.000025s ]
INFO: [ app_init ] --END-- [ RunTime:0.000181s ]
NOTIC: [8] Undefined variable: rule /home/pzr/workspace/blog/ThinkPHP/Library/Think/Dispatcher.class.php 第 67 行.

[ 2016-05-07T12:44:49+08:00 ] 118.198.42.179 /index.php/Home/Blog/index.html?cat_type=1
INFO: [ app_init ] --START--
INFO: Run Behavior\BuildLiteBehavior [ RunTime:0.000027s ]
INFO: [ app_init ] --END-- [ RunTime:0.000192s ]
NOTIC: [8] Undefined variable: rule /home/pzr/workspace/blog/ThinkPHP/Library/Think/Dispatcher.class.php 第 67 行.

[ 2016-05-07T12:45:20+08:00 ] 118.198.42.179 /index.php/Home/Blog/index.html?cat_type=1
INFO: [ app_init ] --START--
INFO: Run Behavior\BuildLiteBehavior [ RunTime:0.000031s ]
INFO: [ app_init ] --END-- [ RunTime:0.000197s ]
NOTIC: [8] Undefined variable: rule /home/pzr/workspace/blog/ThinkPHP/Library/Think/Dispatcher.class.php 第 67 行.

[ 2016-05-07T12:47:13+08:00 ] 118.198.42.179 /index.php/Home/Blog/index.html?cat_type=1
INFO: [ app_init ] --START--
INFO: Run Behavior\BuildLiteBehavior [ RunTime:0.000017s ]
INFO: [ app_init ] --END-- [ RunTime:0.000133s ]
NOTIC: [8] Undefined variable: rule /home/pzr/workspace/blog/ThinkPHP/Library/Think/Dispatcher.class.php 第 67 行.

[ 2016-05-07T12:50:35+08:00 ] 118.198.42.179 /index.php/Home/Blog/index.html?cat_type=1
INFO: [ app_init ] --START--
INFO: Run Behavior\BuildLiteBehavior [ RunTime:0.000024s ]
INFO: [ app_init ] --END-- [ RunTime:0.000157s ]
NOTIC: [8] Undefined variable: rule /home/pzr/workspace/blog/ThinkPHP/Library/Think/Dispatcher.class.php 第 67 行.

[ 2016-05-07T12:54:30+08:00 ] 118.198.42.179 /index.php/Home/Blog/index.html?cat_type=1
INFO: [ app_init ] --START--
INFO: Run Behavior\BuildLiteBehavior [ RunTime:0.000028s ]
INFO: [ app_init ] --END-- [ RunTime:0.000205s ]
NOTIC: [8] Undefined variable: rule /home/pzr/workspace/blog/ThinkPHP/Library/Think/Dispatcher.class.php 第 67 行.

[ 2016-05-07T12:54:51+08:00 ] 118.198.42.179 /index.php/Home/Blog/index.html?cat_type=1
INFO: [ app_init ] --START--
INFO: Run Behavior\BuildLiteBehavior [ RunTime:0.000019s ]
INFO: [ app_init ] --END-- [ RunTime:0.000165s ]
NOTIC: [8] Undefined variable: rule /home/pzr/workspace/blog/ThinkPHP/Library/Think/Dispatcher.class.php 第 67 行.

[ 2016-05-07T12:55:29+08:00 ] 118.198.42.179 /index.php/Home/Blog/index.html
INFO: [ app_init ] --START--
INFO: Run Behavior\BuildLiteBehavior [ RunTime:0.000030s ]
INFO: [ app_init ] --END-- [ RunTime:0.000236s ]
NOTIC: [8] Undefined variable: rule /home/pzr/workspace/blog/ThinkPHP/Library/Think/Dispatcher.class.php 第 67 行.

[ 2016-05-07T12:55:31+08:00 ] 118.198.42.179 /index.php/Home/Cat/index.html
INFO: [ app_init ] --START--
INFO: Run Behavior\BuildLiteBehavior [ RunTime:0.000021s ]
INFO: [ app_init ] --END-- [ RunTime:0.000146s ]
NOTIC: [8] Undefined variable: rule /home/pzr/workspace/blog/ThinkPHP/Library/Think/Dispatcher.class.php 第 67 行.

[ 2016-05-07T13:00:06+08:00 ] 118.198.42.179 /index.php/Home/Blog/index.html?cat_type=1
INFO: [ app_init ] --START--
INFO: Run Behavior\BuildLiteBehavior [ RunTime:0.000027s ]
INFO: [ app_init ] --END-- [ RunTime:0.000223s ]
NOTIC: [8] Undefined variable: rule /home/pzr/workspace/blog/ThinkPHP/Library/Think/Dispatcher.class.php 第 67 行.

[ 2016-05-07T13:01:09+08:00 ] 118.198.42.179 /index.php/Home/Blog/index.html?cat_type=1
INFO: [ app_init ] --START--
INFO: Run Behavior\BuildLiteBehavior [ RunTime:0.000025s ]
INFO: [ app_init ] --END-- [ RunTime:0.000190s ]
NOTIC: [8] Undefined variable: rule /home/pzr/workspace/blog/ThinkPHP/Library/Think/Dispatcher.class.php 第 67 行.

[ 2016-05-07T13:02:32+08:00 ] 118.198.42.179 /index.php/Home/Blog/index.html?cat_type=1
INFO: [ app_init ] --START--
INFO: Run Behavior\BuildLiteBehavior [ RunTime:0.000032s ]
INFO: [ app_init ] --END-- [ RunTime:0.000233s ]
NOTIC: [8] Undefined variable: rule /home/pzr/workspace/blog/ThinkPHP/Library/Think/Dispatcher.class.php 第 67 行.

[ 2016-05-07T13:02:52+08:00 ] 118.198.42.179 /index.php/Home/Blog/index.html?cat_type=1
INFO: [ app_init ] --START--
INFO: Run Behavior\BuildLiteBehavior [ RunTime:0.000022s ]
INFO: [ app_init ] --END-- [ RunTime:0.000179s ]
NOTIC: [8] Undefined variable: rule /home/pzr/workspace/blog/ThinkPHP/Library/Think/Dispatcher.class.php 第 67 行.

[ 2016-05-07T13:03:15+08:00 ] 118.198.42.179 /index.php/Home/Blog/index.html?cat_type=1
INFO: [ app_init ] --START--
INFO: Run Behavior\BuildLiteBehavior [ RunTime:0.000043s ]
INFO: [ app_init ] --END-- [ RunTime:0.000221s ]
NOTIC: [8] Undefined variable: rule /home/pzr/workspace/blog/ThinkPHP/Library/Think/Dispatcher.class.php 第 67 行.

[ 2016-05-07T13:04:53+08:00 ] 118.198.42.179 /index.php/Home/Blog/index.html?cat_type=1
INFO: [ app_init ] --START--
INFO: Run Behavior\BuildLiteBehavior [ RunTime:0.000020s ]
INFO: [ app_init ] --END-- [ RunTime:0.000175s ]
NOTIC: [8] Undefined variable: rule /home/pzr/workspace/blog/ThinkPHP/Library/Think/Dispatcher.class.php 第 67 行.

[ 2016-05-07T13:04:57+08:00 ] 118.198.42.179 /index.php/Home/Blog/index.html?cat_type=1
INFO: [ app_init ] --START--
INFO: Run Behavior\BuildLiteBehavior [ RunTime:0.000041s ]
INFO: [ app_init ] --END-- [ RunTime:0.000306s ]
NOTIC: [8] Undefined variable: rule /home/pzr/workspace/blog/ThinkPHP/Library/Think/Dispatcher.class.php 第 67 行.

[ 2016-05-07T13:05:29+08:00 ] 118.198.42.179 /index.php/Home/Blog/index.html?cat_type=1
INFO: [ app_init ] --START--
INFO: Run Behavior\BuildLiteBehavior [ RunTime:0.000029s ]
INFO: [ app_init ] --END-- [ RunTime:0.000227s ]
NOTIC: [8] Undefined variable: rule /home/pzr/workspace/blog/ThinkPHP/Library/Think/Dispatcher.class.php 第 67 行.

[ 2016-05-07T13:05:40+08:00 ] 118.198.42.179 /index.php/Home/Blog/index.html?cat_type=1
INFO: [ app_init ] --START--
INFO: Run Behavior\BuildLiteBehavior [ RunTime:0.000041s ]
INFO: [ app_init ] --END-- [ RunTime:0.000313s ]
NOTIC: [8] Undefined variable: rule /home/pzr/workspace/blog/ThinkPHP/Library/Think/Dispatcher.class.php 第 67 行.

[ 2016-05-07T13:05:43+08:00 ] 118.198.42.179 /index.php/Home/Blog/index.html?cat_type=1
INFO: [ app_init ] --START--
INFO: Run Behavior\BuildLiteBehavior [ RunTime:0.000039s ]
INFO: [ app_init ] --END-- [ RunTime:0.000282s ]
NOTIC: [8] Undefined variable: rule /home/pzr/workspace/blog/ThinkPHP/Library/Think/Dispatcher.class.php 第 67 行.

[ 2016-05-07T13:05:45+08:00 ] 118.198.42.179 /index.php/Home/Blog/index.html?cat_type=1
INFO: [ app_init ] --START--
INFO: Run Behavior\BuildLiteBehavior [ RunTime:0.000037s ]
INFO: [ app_init ] --END-- [ RunTime:0.000275s ]
NOTIC: [8] Undefined variable: rule /home/pzr/workspace/blog/ThinkPHP/Library/Think/Dispatcher.class.php 第 67 行.

[ 2016-05-07T14:31:55+08:00 ] 118.198.42.179 /admin
INFO: [ app_init ] --START--
INFO: Run Behavior\BuildLiteBehavior [ RunTime:0.000033s ]
INFO: [ app_init ] --END-- [ RunTime:0.000242s ]
NOTIC: [8] Undefined variable: rule /home/pzr/workspace/blog/ThinkPHP/Library/Think/Dispatcher.class.php 第 67 行.

[ 2016-05-07T14:31:56+08:00 ] 118.198.42.179 /index.php/login.html
INFO: [ app_init ] --START--
INFO: Run Behavior\BuildLiteBehavior [ RunTime:0.000014s ]
INFO: [ app_init ] --END-- [ RunTime:0.000100s ]
NOTIC: [8] Undefined variable: rule /home/pzr/workspace/blog/ThinkPHP/Library/Think/Dispatcher.class.php 第 67 行.

[ 2016-05-07T14:31:56+08:00 ] 118.198.42.179 /index.php/Home/Login/verify
INFO: [ app_init ] --START--
INFO: Run Behavior\BuildLiteBehavior [ RunTime:0.000011s ]
INFO: [ app_init ] --END-- [ RunTime:0.000067s ]
NOTIC: [8] Undefined variable: rule /home/pzr/workspace/blog/ThinkPHP/Library/Think/Dispatcher.class.php 第 67 行.

[ 2016-05-07T14:32:00+08:00 ] 118.198.42.179 /index.php/Home/Login/handle
INFO: [ app_init ] --START--
INFO: Run Behavior\BuildLiteBehavior [ RunTime:0.000035s ]
INFO: [ app_init ] --END-- [ RunTime:0.000253s ]
NOTIC: [8] Undefined variable: rule /home/pzr/workspace/blog/ThinkPHP/Library/Think/Dispatcher.class.php 第 67 行.

[ 2016-05-07T14:32:00+08:00 ] 118.198.42.179 /index.php/admin.html
INFO: [ app_init ] --START--
INFO: Run Behavior\BuildLiteBehavior [ RunTime:0.000025s ]
INFO: [ app_init ] --END-- [ RunTime:0.000154s ]
NOTIC: [8] Undefined variable: rule /home/pzr/workspace/blog/ThinkPHP/Library/Think/Dispatcher.class.php 第 67 行.

[ 2016-05-07T14:37:26+08:00 ] 118.198.42.179 /index.php/Home/Blog/index.html
INFO: [ app_init ] --START--
INFO: Run Behavior\BuildLiteBehavior [ RunTime:0.000042s ]
INFO: [ app_init ] --END-- [ RunTime:0.000330s ]
NOTIC: [8] Undefined variable: rule /home/pzr/workspace/blog/ThinkPHP/Library/Think/Dispatcher.class.php 第 67 行.

[ 2016-05-07T14:37:30+08:00 ] 118.198.42.179 /index.php/Home/Blog/index.html?cat_type=1
INFO: [ app_init ] --START--
INFO: Run Behavior\BuildLiteBehavior [ RunTime:0.000033s ]
INFO: [ app_init ] --END-- [ RunTime:0.000255s ]
NOTIC: [8] Undefined variable: rule /home/pzr/workspace/blog/ThinkPHP/Library/Think/Dispatcher.class.php 第 67 行.

[ 2016-05-07T14:38:02+08:00 ] 118.198.42.179 /index.php/Home/Blog/index.html?cat_type=1
INFO: [ app_init ] --START--
INFO: Run Behavior\BuildLiteBehavior [ RunTime:0.000025s ]
INFO: [ app_init ] --END-- [ RunTime:0.000217s ]
NOTIC: [8] Undefined variable: rule /home/pzr/workspace/blog/ThinkPHP/Library/Think/Dispatcher.class.php 第 67 行.

[ 2016-05-07T14:38:26+08:00 ] 118.198.42.179 /index.php/Home/Blog/index.html?cat_type=0
INFO: [ app_init ] --START--
INFO: Run Behavior\BuildLiteBehavior [ RunTime:0.000019s ]
INFO: [ app_init ] --END-- [ RunTime:0.000139s ]
NOTIC: [8] Undefined variable: rule /home/pzr/workspace/blog/ThinkPHP/Library/Think/Dispatcher.class.php 第 67 行.
INFO: [ app_begin ] --START--
INFO: Run Behavior\ReadHtmlCacheBehavior [ RunTime:0.000061s ]
INFO: [ app_begin ] --END-- [ RunTime:0.000126s ]
SQL: SHOW COLUMNS FROM `think_category` [ RunTime:0.0010s ]
SQL: SELECT `id`,`pid`,`title` FROM `think_category`  [ RunTime:0.0004s ]
SQL: SHOW COLUMNS FROM `think_attr` [ RunTime:0.0008s ]
SQL: SELECT * FROM `think_attr`  [ RunTime:0.0003s ]
SQL: SHOW COLUMNS FROM `think_blog` [ RunTime:0.0009s ]
SQL: SELECT COUNT(*) AS tp_count FROM `think_blog` WHERE `status` = 0 LIMIT 1   [ RunTime:0.0003s ]
NOTIC: [8] Undefined variable: url /home/pzr/workspace/blog/Blog/Home/Controller/BlogController.class.php 第 120 行.
SQL: SELECT `id`,`cat_id`,`title`,`click`,`created`,`sort` FROM `think_blog` WHERE `status` = 0 LIMIT 0,10   [ RunTime:0.0003s ]
SQL: SHOW COLUMNS FROM `think_category` [ RunTime:0.0013s ]
SQL: SELECT `title`,`id`,`pid` FROM `think_category` WHERE ( 1=1 AND id='1' ) LIMIT 1   [ RunTime:0.0003s ]
SQL: SHOW COLUMNS FROM `think_attr` [ RunTime:0.0008s ]
NOTIC: [8] Undefined index: mapping_limit /home/pzr/workspace/blog/ThinkPHP/Library/Think/Model/RelationModel.class.php 第 203 行.
SQL: SELECT b.id,title,color FROM think_blog_attr AS a, think_attr AS b WHERE a.attr_id = b.id AND a. blog_id='1' ORDER BY sort [ RunTime:0.0006s ]
SQL: SELECT `title`,`id`,`pid` FROM `think_category` WHERE ( 1=1 AND id='18' ) LIMIT 1   [ RunTime:0.0005s ]
NOTIC: [8] Undefined index: mapping_limit /home/pzr/workspace/blog/ThinkPHP/Library/Think/Model/RelationModel.class.php 第 203 行.
SQL: SELECT b.id,title,color FROM think_blog_attr AS a, think_attr AS b WHERE a.attr_id = b.id AND a. blog_id='2' ORDER BY sort [ RunTime:0.0006s ]
INFO: [ view_parse ] --START--
INFO: [ template_filter ] --START--
INFO: Run Behavior\ContentReplaceBehavior [ RunTime:0.000057s ]
INFO: [ template_filter ] --END-- [ RunTime:0.000132s ]
SQL: SELECT `id`,`title` FROM `think_category` WHERE `level` = 0  [ RunTime:0.0004s ]
NOTIC: [8] Undefined variable: gc /home/pzr/workspace/blog/Blog/Runtime/Cache/Home/1492b676ade74e3456faa612f0db2267.php 第 42 行.
NOTIC: [8] Undefined variable: gc /home/pzr/workspace/blog/Blog/Runtime/Cache/Home/1492b676ade74e3456faa612f0db2267.php 第 42 行.
INFO: Run Behavior\ParseTemplateBehavior [ RunTime:0.008316s ]
INFO: [ view_parse ] --END-- [ RunTime:0.008380s ]
INFO: [ view_filter ] --START--
INFO: Run Behavior\WriteHtmlCacheBehavior [ RunTime:0.000060s ]
INFO: [ view_filter ] --END-- [ RunTime:0.000111s ]
INFO: [ app_end ] --START--
INFO: Run Behavior\ShowPageTraceBehavior [ RunTime:0.000050s ]
INFO: [ app_end ] --END-- [ RunTime:0.000098s ]

[ 2016-05-07T14:38:28+08:00 ] 118.198.42.179 /index.php/admin.html
INFO: [ app_init ] --START--
INFO: Run Behavior\BuildLiteBehavior [ RunTime:0.000086s ]
INFO: [ app_init ] --END-- [ RunTime:0.000395s ]
NOTIC: [8] Undefined variable: rule /home/pzr/workspace/blog/ThinkPHP/Library/Think/Dispatcher.class.php 第 67 行.
INFO: [ app_begin ] --START--
INFO: Run Behavior\ReadHtmlCacheBehavior [ RunTime:0.000063s ]
INFO: [ app_begin ] --END-- [ RunTime:0.000135s ]
SQL: SHOW COLUMNS FROM `think_navigation` [ RunTime:0.0020s ]
NOTIC: [8] Undefined variable: field /home/pzr/workspace/blog/Blog/Home/Controller/IndexController.class.php 第 6 行.
SQL: SELECT * FROM `think_navigation` ORDER BY sort  [ RunTime:0.0012s ]
SQL: SELECT `id`,`zn_name`,`url`,`pid` FROM `think_navigation` ORDER BY sort  [ RunTime:0.0003s ]
INFO: [ view_parse ] --START--
INFO: [ template_filter ] --START--
INFO: Run Behavior\ContentReplaceBehavior [ RunTime:0.000062s ]
INFO: [ template_filter ] --END-- [ RunTime:0.000137s ]
INFO: Run Behavior\ParseTemplateBehavior [ RunTime:0.004634s ]
INFO: [ view_parse ] --END-- [ RunTime:0.004702s ]
INFO: [ view_filter ] --START--
INFO: Run Behavior\WriteHtmlCacheBehavior [ RunTime:0.000053s ]
INFO: [ view_filter ] --END-- [ RunTime:0.000090s ]
INFO: [ app_end ] --START--
INFO: Run Behavior\ShowPageTraceBehavior [ RunTime:0.000035s ]
INFO: [ app_end ] --END-- [ RunTime:0.000071s ]

[ 2016-05-07T14:38:30+08:00 ] 118.198.42.179 /index.php/Home/Blog/index.html
INFO: [ app_init ] --START--
INFO: Run Behavior\BuildLiteBehavior [ RunTime:0.000026s ]
INFO: [ app_init ] --END-- [ RunTime:0.000181s ]
NOTIC: [8] Undefined variable: rule /home/pzr/workspace/blog/ThinkPHP/Library/Think/Dispatcher.class.php 第 67 行.
INFO: [ app_begin ] --START--
INFO: Run Behavior\ReadHtmlCacheBehavior [ RunTime:0.000071s ]
INFO: [ app_begin ] --END-- [ RunTime:0.000142s ]
SQL: SHOW COLUMNS FROM `think_category` [ RunTime:0.0010s ]
SQL: SELECT `id`,`pid`,`title` FROM `think_category`  [ RunTime:0.0004s ]
SQL: SHOW COLUMNS FROM `think_attr` [ RunTime:0.0010s ]
SQL: SELECT * FROM `think_attr`  [ RunTime:0.0002s ]
SQL: SHOW COLUMNS FROM `think_blog` [ RunTime:0.0012s ]
SQL: SELECT COUNT(*) AS tp_count FROM `think_blog` WHERE `status` = 0 LIMIT 1   [ RunTime:0.0003s ]
NOTIC: [8] Undefined variable: url /home/pzr/workspace/blog/Blog/Home/Controller/BlogController.class.php 第 120 行.
SQL: SELECT `id`,`cat_id`,`title`,`click`,`created`,`sort` FROM `think_blog` WHERE `status` = 0 LIMIT 0,10   [ RunTime:0.0003s ]
SQL: SHOW COLUMNS FROM `think_category` [ RunTime:0.0008s ]
SQL: SELECT `title`,`id`,`pid` FROM `think_category` WHERE ( 1=1 AND id='1' ) LIMIT 1   [ RunTime:0.0003s ]
SQL: SHOW COLUMNS FROM `think_attr` [ RunTime:0.0007s ]
NOTIC: [8] Undefined index: mapping_limit /home/pzr/workspace/blog/ThinkPHP/Library/Think/Model/RelationModel.class.php 第 203 行.
SQL: SELECT b.id,title,color FROM think_blog_attr AS a, think_attr AS b WHERE a.attr_id = b.id AND a. blog_id='1' ORDER BY sort [ RunTime:0.0005s ]
SQL: SELECT `title`,`id`,`pid` FROM `think_category` WHERE ( 1=1 AND id='18' ) LIMIT 1   [ RunTime:0.0003s ]
NOTIC: [8] Undefined index: mapping_limit /home/pzr/workspace/blog/ThinkPHP/Library/Think/Model/RelationModel.class.php 第 203 行.
SQL: SELECT b.id,title,color FROM think_blog_attr AS a, think_attr AS b WHERE a.attr_id = b.id AND a. blog_id='2' ORDER BY sort [ RunTime:0.0004s ]
INFO: [ view_parse ] --START--
INFO: [ template_filter ] --START--
INFO: Run Behavior\ContentReplaceBehavior [ RunTime:0.000049s ]
INFO: [ template_filter ] --END-- [ RunTime:0.000108s ]
SQL: SELECT `id`,`title` FROM `think_category` WHERE `level` = 0  [ RunTime:0.0004s ]
NOTIC: [8] Undefined variable: gc /home/pzr/workspace/blog/Blog/Runtime/Cache/Home/1492b676ade74e3456faa612f0db2267.php 第 42 行.
NOTIC: [8] Undefined variable: gc /home/pzr/workspace/blog/Blog/Runtime/Cache/Home/1492b676ade74e3456faa612f0db2267.php 第 42 行.
INFO: Run Behavior\ParseTemplateBehavior [ RunTime:0.007184s ]
INFO: [ view_parse ] --END-- [ RunTime:0.007241s ]
INFO: [ view_filter ] --START--
INFO: Run Behavior\WriteHtmlCacheBehavior [ RunTime:0.000063s ]
INFO: [ view_filter ] --END-- [ RunTime:0.000111s ]
INFO: [ app_end ] --START--
INFO: Run Behavior\ShowPageTraceBehavior [ RunTime:0.000049s ]
INFO: [ app_end ] --END-- [ RunTime:0.000092s ]

[ 2016-05-07T14:38:31+08:00 ] 118.198.42.179 /index.php/Home/Blog/index.html?cat_type=0
INFO: [ app_init ] --START--
INFO: Run Behavior\BuildLiteBehavior [ RunTime:0.000032s ]
INFO: [ app_init ] --END-- [ RunTime:0.000260s ]
NOTIC: [8] Undefined variable: rule /home/pzr/workspace/blog/ThinkPHP/Library/Think/Dispatcher.class.php 第 67 行.
INFO: [ app_begin ] --START--
INFO: Run Behavior\ReadHtmlCacheBehavior [ RunTime:0.000087s ]
INFO: [ app_begin ] --END-- [ RunTime:0.000271s ]
SQL: SHOW COLUMNS FROM `think_category` [ RunTime:0.0019s ]
SQL: SELECT `id`,`pid`,`title` FROM `think_category`  [ RunTime:0.0006s ]
SQL: SHOW COLUMNS FROM `think_attr` [ RunTime:0.0011s ]
SQL: SELECT * FROM `think_attr`  [ RunTime:0.0003s ]
SQL: SHOW COLUMNS FROM `think_blog` [ RunTime:0.0011s ]
SQL: SELECT COUNT(*) AS tp_count FROM `think_blog` WHERE `status` = 0 LIMIT 1   [ RunTime:0.0004s ]
NOTIC: [8] Undefined variable: url /home/pzr/workspace/blog/Blog/Home/Controller/BlogController.class.php 第 120 行.
SQL: SELECT `id`,`cat_id`,`title`,`click`,`created`,`sort` FROM `think_blog` WHERE `status` = 0 LIMIT 0,10   [ RunTime:0.0003s ]
SQL: SHOW COLUMNS FROM `think_category` [ RunTime:0.0010s ]
SQL: SELECT `title`,`id`,`pid` FROM `think_category` WHERE ( 1=1 AND id='1' ) LIMIT 1   [ RunTime:0.0004s ]
SQL: SHOW COLUMNS FROM `think_attr` [ RunTime:0.0009s ]
NOTIC: [8] Undefined index: mapping_limit /home/pzr/workspace/blog/ThinkPHP/Library/Think/Model/RelationModel.class.php 第 203 行.
SQL: SELECT b.id,title,color FROM think_blog_attr AS a, think_attr AS b WHERE a.attr_id = b.id AND a. blog_id='1' ORDER BY sort [ RunTime:0.0005s ]
SQL: SELECT `title`,`id`,`pid` FROM `think_category` WHERE ( 1=1 AND id='18' ) LIMIT 1   [ RunTime:0.0004s ]
NOTIC: [8] Undefined index: mapping_limit /home/pzr/workspace/blog/ThinkPHP/Library/Think/Model/RelationModel.class.php 第 203 行.
SQL: SELECT b.id,title,color FROM think_blog_attr AS a, think_attr AS b WHERE a.attr_id = b.id AND a. blog_id='2' ORDER BY sort [ RunTime:0.0004s ]
INFO: [ view_parse ] --START--
INFO: [ template_filter ] --START--
INFO: Run Behavior\ContentReplaceBehavior [ RunTime:0.000056s ]
INFO: [ template_filter ] --END-- [ RunTime:0.000128s ]
SQL: SELECT `id`,`title` FROM `think_category` WHERE `level` = 0  [ RunTime:0.0004s ]
NOTIC: [8] Undefined variable: gc /home/pzr/workspace/blog/Blog/Runtime/Cache/Home/1492b676ade74e3456faa612f0db2267.php 第 42 行.
NOTIC: [8] Undefined variable: gc /home/pzr/workspace/blog/Blog/Runtime/Cache/Home/1492b676ade74e3456faa612f0db2267.php 第 42 行.
INFO: Run Behavior\ParseTemplateBehavior [ RunTime:0.009108s ]
INFO: [ view_parse ] --END-- [ RunTime:0.009196s ]
INFO: [ view_filter ] --START--
INFO: Run Behavior\WriteHtmlCacheBehavior [ RunTime:0.000101s ]
INFO: [ view_filter ] --END-- [ RunTime:0.000165s ]
INFO: [ app_end ] --START--
INFO: Run Behavior\ShowPageTraceBehavior [ RunTime:0.000080s ]
INFO: [ app_end ] --END-- [ RunTime:0.000153s ]

[ 2016-05-07T16:40:50+08:00 ] 118.198.42.179 /index.php/Home/Blog/delete/id/1.html
ERR: Think\Controller:jumpUrl方法不存在！

